This file contains any messages produced by compilers while
running configure, to aid debugging if configure makes a mistake.

It was created by pocketsphinx configure 0.7, which was
generated by GNU Autoconf 2.61.  Invocation command line was

  $ ./configure --prefix=/Users/LQX/Developer/Platforms/iPhoneSimulator.platform/Developer/SDKs/iPhoneSimulator4.3.sdk --host=i386-apple-darwin --disable-shared --enable-static

## --------- ##
## Platform. ##
## --------- ##

hostname = uws14965usr.uws.ualberta.ca
uname -m = x86_64
uname -r = 11.3.0
uname -s = Darwin
uname -v = Darwin Kernel Version 11.3.0: Thu Jan 12 18:47:41 PST 2012; root:xnu-1699.24.23~1/RELEASE_X86_64

/usr/bin/uname -p = i386
/bin/uname -X     = unknown

/bin/arch              = unknown
/usr/bin/arch -k       = unknown
/usr/convex/getsysinfo = unknown
/usr/bin/hostinfo      = Mach kernel version:
	 Darwin Kernel Version 11.3.0: Thu Jan 12 18:47:41 PST 2012; root:xnu-1699.24.23~1/RELEASE_X86_64
Kernel configured for up to 4 processors.
2 processors are physically available.
4 processors are logically available.
Processor type: i486 (Intel 80486)
Processors active: 0 1 2 3
Primary memory available: 4.00 gigabytes
Default processor set: 119 tasks, 560 threads, 4 processors
Load average: 2.11, Mach factor: 2.21
/bin/machine           = unknown
/usr/bin/oslevel       = unknown
/bin/universe          = unknown

PATH: /Library/Frameworks/Python.framework/Versions/2.7/bin
PATH: /usr/bin
PATH: /bin
PATH: /usr/sbin
PATH: /sbin
PATH: /usr/local/bin
PATH: /usr/X11/bin


## ----------- ##
## Core tests. ##
## ----------- ##

configure:1876: checking for a BSD-compatible install
configure:1932: result: /usr/bin/install -c
configure:1943: checking whether build environment is sane
configure:1986: result: yes
configure:2014: checking for a thread-safe mkdir -p
configure:2053: result: ./install-sh -c -d
configure:2066: checking for gawk
configure:2096: result: no
configure:2066: checking for mawk
configure:2096: result: no
configure:2066: checking for nawk
configure:2096: result: no
configure:2066: checking for awk
configure:2082: found /usr/bin/awk
configure:2093: result: awk
configure:2104: checking whether make sets $(MAKE)
configure:2125: result: yes
configure:2196: checking for i386-apple-darwin-strip
configure:2226: result: no
configure:2236: checking for strip
configure:2252: found /usr/bin/strip
configure:2263: result: strip
configure:2315: checking build system type
configure:2333: result: x86_64-apple-darwin11.3.0
configure:2355: checking host system type
configure:2370: result: i386-apple-darwin
configure:2418: checking for i386-apple-darwin-gcc
configure:2445: result: /Developer/Platforms/iPhoneSimulator.platform/Developer/usr/bin/gcc-4.2
configure:2723: checking for C compiler version
configure:2730: /Developer/Platforms/iPhoneSimulator.platform/Developer/usr/bin/gcc-4.2 --version >&5
i686-apple-darwin11-gcc-4.2.1 (GCC) 4.2.1 (Apple Inc. build 5666) (dot 3)
Copyright (C) 2007 Free Software Foundation, Inc.
This is free software; see the source for copying conditions.  There is NO
warranty; not even for MERCHANTABILITY or FITNESS FOR A PARTICULAR PURPOSE.

configure:2733: $? = 0
configure:2740: /Developer/Platforms/iPhoneSimulator.platform/Developer/usr/bin/gcc-4.2 -v >&5
Using built-in specs.
Target: i686-apple-darwin11
Configured with: /private/var/tmp/gcc/gcc-5666.3~278/src/configure --disable-checking --enable-werror --prefix=/usr --mandir=/share/man --enable-languages=c,objc,c++,obj-c++ --program-transform-name=/^[cg][^.-]*$/s/$/-4.2/ --with-slibdir=/usr/lib --build=i686-apple-darwin11 --program-prefix=i686-apple-darwin11- --host=x86_64-apple-darwin11 --target=i686-apple-darwin11 --with-gxx-include-dir=/include/c++/4.2.1
Thread model: posix
gcc version 4.2.1 (Apple Inc. build 5666) (dot 3)
configure:2743: $? = 0
configure:2750: /Developer/Platforms/iPhoneSimulator.platform/Developer/usr/bin/gcc-4.2 -V >&5
gcc-4.2: argument to `-V' is missing
configure:2753: $? = 1
configure:2776: checking for C compiler default output file name
configure:2803: /Developer/Platforms/iPhoneSimulator.platform/Developer/usr/bin/gcc-4.2 -arch i386 -pipe -Os -gdwarf-2 -isysroot /Developer/Platforms/iPhoneSimulator.platform/Developer/SDKs/iPhoneSimulator4.3.sdk -D__IPHONE_OS_VERSION_MIN_REQUIRED=40000  -arch i386 -isysroot /Developer/Platforms/iPhoneSimulator.platform/Developer/SDKs/iPhoneSimulator4.3.sdk conftest.c  -framework CoreAudio -framework AudioToolbox >&5
configure:2806: $? = 0
configure:2844: result: a.out
configure:2861: checking whether the C compiler works
configure:2871: ./a.out
configure:2874: $? = 0
configure:2891: result: yes
configure:2898: checking whether we are cross compiling
configure:2900: result: no
configure:2903: checking for suffix of executables
configure:2910: /Developer/Platforms/iPhoneSimulator.platform/Developer/usr/bin/gcc-4.2 -o conftest -arch i386 -pipe -Os -gdwarf-2 -isysroot /Developer/Platforms/iPhoneSimulator.platform/Developer/SDKs/iPhoneSimulator4.3.sdk -D__IPHONE_OS_VERSION_MIN_REQUIRED=40000  -arch i386 -isysroot /Developer/Platforms/iPhoneSimulator.platform/Developer/SDKs/iPhoneSimulator4.3.sdk conftest.c  -framework CoreAudio -framework AudioToolbox >&5
configure:2913: $? = 0
configure:2937: result: 
configure:2943: checking for suffix of object files
configure:2969: /Developer/Platforms/iPhoneSimulator.platform/Developer/usr/bin/gcc-4.2 -c -arch i386 -pipe -Os -gdwarf-2 -isysroot /Developer/Platforms/iPhoneSimulator.platform/Developer/SDKs/iPhoneSimulator4.3.sdk -D__IPHONE_OS_VERSION_MIN_REQUIRED=40000  conftest.c >&5
configure:2972: $? = 0
configure:2995: result: o
configure:2999: checking whether we are using the GNU C compiler
configure:3028: /Developer/Platforms/iPhoneSimulator.platform/Developer/usr/bin/gcc-4.2 -c -arch i386 -pipe -Os -gdwarf-2 -isysroot /Developer/Platforms/iPhoneSimulator.platform/Developer/SDKs/iPhoneSimulator4.3.sdk -D__IPHONE_OS_VERSION_MIN_REQUIRED=40000  conftest.c >&5
configure:3034: $? = 0
configure:3051: result: yes
configure:3056: checking whether /Developer/Platforms/iPhoneSimulator.platform/Developer/usr/bin/gcc-4.2 accepts -g
configure:3086: /Developer/Platforms/iPhoneSimulator.platform/Developer/usr/bin/gcc-4.2 -c -g  conftest.c >&5
configure:3092: $? = 0
configure:3191: result: yes
configure:3208: checking for /Developer/Platforms/iPhoneSimulator.platform/Developer/usr/bin/gcc-4.2 option to accept ISO C89
configure:3282: /Developer/Platforms/iPhoneSimulator.platform/Developer/usr/bin/gcc-4.2  -c -arch i386 -pipe -Os -gdwarf-2 -isysroot /Developer/Platforms/iPhoneSimulator.platform/Developer/SDKs/iPhoneSimulator4.3.sdk -D__IPHONE_OS_VERSION_MIN_REQUIRED=40000  conftest.c >&5
configure:3288: $? = 0
configure:3311: result: none needed
configure:3340: checking for style of include used by make
configure:3368: result: GNU
configure:3393: checking dependency style of /Developer/Platforms/iPhoneSimulator.platform/Developer/usr/bin/gcc-4.2
configure:3484: result: gcc3
configure:3545: checking how to print strings
configure:3572: result: printf
configure:3593: checking for a sed that does not truncate output
configure:3672: result: /usr/bin/sed
configure:3690: checking for grep that handles long lines and -e
configure:3764: result: /usr/bin/grep
configure:3769: checking for egrep
configure:3847: result: /usr/bin/grep -E
configure:3852: checking for fgrep
configure:3930: result: /usr/bin/grep -F
configure:3965: checking for ld used by /Developer/Platforms/iPhoneSimulator.platform/Developer/usr/bin/gcc-4.2
configure:4032: result: /Developer/usr/libexec/gcc/i686-apple-darwin11/4.2.1/ld
configure:4041: checking if the linker (/Developer/usr/libexec/gcc/i686-apple-darwin11/4.2.1/ld) is GNU ld
configure:4056: result: no
configure:4068: checking for BSD- or MS-compatible name lister (nm)
configure:4117: result: no
configure:4131: checking for i386-apple-darwin-dumpbin
configure:4161: result: no
configure:4131: checking for i386-apple-darwin-link
configure:4161: result: no
configure:4175: checking for dumpbin
configure:4205: result: no
configure:4175: checking for link
configure:4191: found /bin/link
configure:4202: result: link -dump
configure:4251: checking the name lister (nm) interface
configure:4258: /Developer/Platforms/iPhoneSimulator.platform/Developer/usr/bin/gcc-4.2 -c -arch i386 -pipe -Os -gdwarf-2 -isysroot /Developer/Platforms/iPhoneSimulator.platform/Developer/SDKs/iPhoneSimulator4.3.sdk -D__IPHONE_OS_VERSION_MIN_REQUIRED=40000  conftest.c >&5
configure:4261: nm "conftest.o"
configure:4264: output
00000190 D _some_variable
configure:4271: result: BSD nm
configure:4274: checking whether ln -s works
configure:4278: result: yes
configure:4286: checking the maximum length of command line arguments
configure:4411: result: 196608
configure:4428: checking whether the shell understands some XSI constructs
configure:4438: result: yes
configure:4442: checking whether the shell understands "+="
configure:4448: result: yes
configure:4483: checking for /Developer/usr/libexec/gcc/i686-apple-darwin11/4.2.1/ld option to reload object files
configure:4490: result: -r
configure:4519: checking for i386-apple-darwin-objdump
configure:4549: result: no
configure:4559: checking for objdump
configure:4589: result: no
configure:4622: checking how to recognize dependent libraries
configure:4824: result: pass_all
configure:4844: checking for i386-apple-darwin-ar
configure:4874: result: no
configure:4884: checking for ar
configure:4900: found /usr/bin/ar
configure:4911: result: ar
configure:4953: checking for i386-apple-darwin-strip
configure:4980: result: strip
configure:5056: checking for i386-apple-darwin-ranlib
configure:5086: result: no
configure:5096: checking for ranlib
configure:5112: found /usr/bin/ranlib
configure:5123: result: ranlib
configure:5229: checking command to parse nm output from /Developer/Platforms/iPhoneSimulator.platform/Developer/usr/bin/gcc-4.2 object
configure:5347: /Developer/Platforms/iPhoneSimulator.platform/Developer/usr/bin/gcc-4.2 -c -arch i386 -pipe -Os -gdwarf-2 -isysroot /Developer/Platforms/iPhoneSimulator.platform/Developer/SDKs/iPhoneSimulator4.3.sdk -D__IPHONE_OS_VERSION_MIN_REQUIRED=40000  conftest.c >&5
configure:5350: $? = 0
configure:5354: nm conftest.o \| sed -n -e 's/^.*[ ]\([BCDEGRST][BCDEGRST]*\)[ ][ ]*\([_A-Za-z][_A-Za-z0-9]*\)$/\1 \2 \2/p' \> conftest.nm
configure:5357: $? = 0
cannot find nm_test_var in conftest.nm
configure:5347: /Developer/Platforms/iPhoneSimulator.platform/Developer/usr/bin/gcc-4.2 -c -arch i386 -pipe -Os -gdwarf-2 -isysroot /Developer/Platforms/iPhoneSimulator.platform/Developer/SDKs/iPhoneSimulator4.3.sdk -D__IPHONE_OS_VERSION_MIN_REQUIRED=40000  conftest.c >&5
configure:5350: $? = 0
configure:5354: nm conftest.o \| sed -n -e 's/^.*[ ]\([BCDEGRST][BCDEGRST]*\)[ ][ ]*_\([_A-Za-z][_A-Za-z0-9]*\)$/\1 _\2 \2/p' \> conftest.nm
configure:5357: $? = 0
configure:5411: /Developer/Platforms/iPhoneSimulator.platform/Developer/usr/bin/gcc-4.2 -o conftest -arch i386 -pipe -Os -gdwarf-2 -isysroot /Developer/Platforms/iPhoneSimulator.platform/Developer/SDKs/iPhoneSimulator4.3.sdk -D__IPHONE_OS_VERSION_MIN_REQUIRED=40000  -arch i386 -isysroot /Developer/Platforms/iPhoneSimulator.platform/Developer/SDKs/iPhoneSimulator4.3.sdk conftest.c conftstm.o >&5
configure:5414: $? = 0
configure:5452: result: ok
configure:5702: checking for i386-apple-darwin-dsymutil
configure:5732: result: no
configure:5742: checking for dsymutil
configure:5758: found /usr/bin/dsymutil
configure:5769: result: dsymutil
configure:5798: checking for i386-apple-darwin-nmedit
configure:5828: result: no
configure:5838: checking for nmedit
configure:5854: found /usr/bin/nmedit
configure:5865: result: nmedit
configure:5894: checking for i386-apple-darwin-lipo
configure:5924: result: no
configure:5934: checking for lipo
configure:5950: found /usr/bin/lipo
configure:5961: result: lipo
configure:5990: checking for i386-apple-darwin-otool
configure:6020: result: no
configure:6030: checking for otool
configure:6046: found /usr/bin/otool
configure:6057: result: otool
configure:6086: checking for i386-apple-darwin-otool64
configure:6116: result: no
configure:6126: checking for otool64
configure:6156: result: no
configure:6205: checking for -single_module linker flag
/Developer/Platforms/iPhoneSimulator.platform/Developer/usr/bin/gcc-4.2 -arch i386 -pipe -Os -gdwarf-2 -isysroot /Developer/Platforms/iPhoneSimulator.platform/Developer/SDKs/iPhoneSimulator4.3.sdk -D__IPHONE_OS_VERSION_MIN_REQUIRED=40000 -arch i386 -isysroot /Developer/Platforms/iPhoneSimulator.platform/Developer/SDKs/iPhoneSimulator4.3.sdk -o libconftest.dylib -dynamiclib -Wl,-single_module conftest.c
configure:6232: result: yes
configure:6234: checking for -exported_symbols_list linker flag
configure:6264: /Developer/Platforms/iPhoneSimulator.platform/Developer/usr/bin/gcc-4.2 -o conftest -arch i386 -pipe -Os -gdwarf-2 -isysroot /Developer/Platforms/iPhoneSimulator.platform/Developer/SDKs/iPhoneSimulator4.3.sdk -D__IPHONE_OS_VERSION_MIN_REQUIRED=40000  -arch i386 -isysroot /Developer/Platforms/iPhoneSimulator.platform/Developer/SDKs/iPhoneSimulator4.3.sdk -Wl,-exported_symbols_list,conftest.sym conftest.c  -framework CoreAudio -framework AudioToolbox >&5
configure:6270: $? = 0
configure:6289: result: yes
configure:6291: checking for -force_load linker flag
/Developer/Platforms/iPhoneSimulator.platform/Developer/usr/bin/gcc-4.2 -arch i386 -pipe -Os -gdwarf-2 -isysroot /Developer/Platforms/iPhoneSimulator.platform/Developer/SDKs/iPhoneSimulator4.3.sdk -D__IPHONE_OS_VERSION_MIN_REQUIRED=40000 -c -o conftest.o conftest.c
ar cru libconftest.a conftest.o
ranlib libconftest.a
/Developer/Platforms/iPhoneSimulator.platform/Developer/usr/bin/gcc-4.2 -arch i386 -pipe -Os -gdwarf-2 -isysroot /Developer/Platforms/iPhoneSimulator.platform/Developer/SDKs/iPhoneSimulator4.3.sdk -D__IPHONE_OS_VERSION_MIN_REQUIRED=40000 -arch i386 -isysroot /Developer/Platforms/iPhoneSimulator.platform/Developer/SDKs/iPhoneSimulator4.3.sdk -o conftest conftest.c -Wl,-force_load,./libconftest.a
configure:6321: result: yes
configure:6363: checking how to run the C preprocessor
configure:6479: result: /Developer/usr/bin/cpp-4.2
configure:6508: /Developer/usr/bin/cpp-4.2  conftest.c
configure:6514: $? = 0
configure:6545: /Developer/usr/bin/cpp-4.2  conftest.c
conftest.c:8:28: error: ac_nonexistent.h: No such file or directory
configure:6551: $? = 1
configure: failed program was:
| /* confdefs.h.  */
| #define PACKAGE_NAME "pocketsphinx"
| #define PACKAGE_TARNAME "pocketsphinx"
| #define PACKAGE_VERSION "0.7"
| #define PACKAGE_STRING "pocketsphinx 0.7"
| #define PACKAGE_BUGREPORT ""
| /* end confdefs.h.  */
| #include <ac_nonexistent.h>
configure:6589: checking for ANSI C header files
configure:6619: /Developer/Platforms/iPhoneSimulator.platform/Developer/usr/bin/gcc-4.2 -c -arch i386 -pipe -Os -gdwarf-2 -isysroot /Developer/Platforms/iPhoneSimulator.platform/Developer/SDKs/iPhoneSimulator4.3.sdk -D__IPHONE_OS_VERSION_MIN_REQUIRED=40000  conftest.c >&5
configure:6625: $? = 0
configure:6724: /Developer/Platforms/iPhoneSimulator.platform/Developer/usr/bin/gcc-4.2 -o conftest -arch i386 -pipe -Os -gdwarf-2 -isysroot /Developer/Platforms/iPhoneSimulator.platform/Developer/SDKs/iPhoneSimulator4.3.sdk -D__IPHONE_OS_VERSION_MIN_REQUIRED=40000  -arch i386 -isysroot /Developer/Platforms/iPhoneSimulator.platform/Developer/SDKs/iPhoneSimulator4.3.sdk conftest.c  -framework CoreAudio -framework AudioToolbox >&5
configure:6727: $? = 0
configure:6733: ./conftest
configure:6736: $? = 0
configure:6753: result: yes
configure:6777: checking for sys/types.h
configure:6798: /Developer/Platforms/iPhoneSimulator.platform/Developer/usr/bin/gcc-4.2 -c -arch i386 -pipe -Os -gdwarf-2 -isysroot /Developer/Platforms/iPhoneSimulator.platform/Developer/SDKs/iPhoneSimulator4.3.sdk -D__IPHONE_OS_VERSION_MIN_REQUIRED=40000  conftest.c >&5
configure:6804: $? = 0
configure:6820: result: yes
configure:6777: checking for sys/stat.h
configure:6798: /Developer/Platforms/iPhoneSimulator.platform/Developer/usr/bin/gcc-4.2 -c -arch i386 -pipe -Os -gdwarf-2 -isysroot /Developer/Platforms/iPhoneSimulator.platform/Developer/SDKs/iPhoneSimulator4.3.sdk -D__IPHONE_OS_VERSION_MIN_REQUIRED=40000  conftest.c >&5
configure:6804: $? = 0
configure:6820: result: yes
configure:6777: checking for stdlib.h
configure:6798: /Developer/Platforms/iPhoneSimulator.platform/Developer/usr/bin/gcc-4.2 -c -arch i386 -pipe -Os -gdwarf-2 -isysroot /Developer/Platforms/iPhoneSimulator.platform/Developer/SDKs/iPhoneSimulator4.3.sdk -D__IPHONE_OS_VERSION_MIN_REQUIRED=40000  conftest.c >&5
configure:6804: $? = 0
configure:6820: result: yes
configure:6777: checking for string.h
configure:6798: /Developer/Platforms/iPhoneSimulator.platform/Developer/usr/bin/gcc-4.2 -c -arch i386 -pipe -Os -gdwarf-2 -isysroot /Developer/Platforms/iPhoneSimulator.platform/Developer/SDKs/iPhoneSimulator4.3.sdk -D__IPHONE_OS_VERSION_MIN_REQUIRED=40000  conftest.c >&5
configure:6804: $? = 0
configure:6820: result: yes
configure:6777: checking for memory.h
configure:6798: /Developer/Platforms/iPhoneSimulator.platform/Developer/usr/bin/gcc-4.2 -c -arch i386 -pipe -Os -gdwarf-2 -isysroot /Developer/Platforms/iPhoneSimulator.platform/Developer/SDKs/iPhoneSimulator4.3.sdk -D__IPHONE_OS_VERSION_MIN_REQUIRED=40000  conftest.c >&5
configure:6804: $? = 0
configure:6820: result: yes
configure:6777: checking for strings.h
configure:6798: /Developer/Platforms/iPhoneSimulator.platform/Developer/usr/bin/gcc-4.2 -c -arch i386 -pipe -Os -gdwarf-2 -isysroot /Developer/Platforms/iPhoneSimulator.platform/Developer/SDKs/iPhoneSimulator4.3.sdk -D__IPHONE_OS_VERSION_MIN_REQUIRED=40000  conftest.c >&5
configure:6804: $? = 0
configure:6820: result: yes
configure:6777: checking for inttypes.h
configure:6798: /Developer/Platforms/iPhoneSimulator.platform/Developer/usr/bin/gcc-4.2 -c -arch i386 -pipe -Os -gdwarf-2 -isysroot /Developer/Platforms/iPhoneSimulator.platform/Developer/SDKs/iPhoneSimulator4.3.sdk -D__IPHONE_OS_VERSION_MIN_REQUIRED=40000  conftest.c >&5
configure:6804: $? = 0
configure:6820: result: yes
configure:6777: checking for stdint.h
configure:6798: /Developer/Platforms/iPhoneSimulator.platform/Developer/usr/bin/gcc-4.2 -c -arch i386 -pipe -Os -gdwarf-2 -isysroot /Developer/Platforms/iPhoneSimulator.platform/Developer/SDKs/iPhoneSimulator4.3.sdk -D__IPHONE_OS_VERSION_MIN_REQUIRED=40000  conftest.c >&5
configure:6804: $? = 0
configure:6820: result: yes
configure:6777: checking for unistd.h
configure:6798: /Developer/Platforms/iPhoneSimulator.platform/Developer/usr/bin/gcc-4.2 -c -arch i386 -pipe -Os -gdwarf-2 -isysroot /Developer/Platforms/iPhoneSimulator.platform/Developer/SDKs/iPhoneSimulator4.3.sdk -D__IPHONE_OS_VERSION_MIN_REQUIRED=40000  conftest.c >&5
configure:6804: $? = 0
configure:6820: result: yes
configure:6836: checking for dlfcn.h
configure:6857: /Developer/Platforms/iPhoneSimulator.platform/Developer/usr/bin/gcc-4.2 -c -arch i386 -pipe -Os -gdwarf-2 -isysroot /Developer/Platforms/iPhoneSimulator.platform/Developer/SDKs/iPhoneSimulator4.3.sdk -D__IPHONE_OS_VERSION_MIN_REQUIRED=40000  conftest.c >&5
configure:6863: $? = 0
configure:6879: result: yes
configure:7066: checking for objdir
configure:7081: result: .libs
configure:7348: checking if /Developer/Platforms/iPhoneSimulator.platform/Developer/usr/bin/gcc-4.2 supports -fno-rtti -fno-exceptions
configure:7366: /Developer/Platforms/iPhoneSimulator.platform/Developer/usr/bin/gcc-4.2 -c -arch i386 -pipe -Os -gdwarf-2 -isysroot /Developer/Platforms/iPhoneSimulator.platform/Developer/SDKs/iPhoneSimulator4.3.sdk -D__IPHONE_OS_VERSION_MIN_REQUIRED=40000  -fno-rtti -fno-exceptions conftest.c >&5
cc1: warning: command line option "-fno-rtti" is valid for C++/ObjC++ but not for C
configure:7370: $? = 0
configure:7383: result: no
configure:7403: checking for /Developer/Platforms/iPhoneSimulator.platform/Developer/usr/bin/gcc-4.2 option to produce PIC
configure:7688: result: -fno-common -DPIC
configure:7700: checking if /Developer/Platforms/iPhoneSimulator.platform/Developer/usr/bin/gcc-4.2 PIC flag -fno-common -DPIC works
configure:7718: /Developer/Platforms/iPhoneSimulator.platform/Developer/usr/bin/gcc-4.2 -c -arch i386 -pipe -Os -gdwarf-2 -isysroot /Developer/Platforms/iPhoneSimulator.platform/Developer/SDKs/iPhoneSimulator4.3.sdk -D__IPHONE_OS_VERSION_MIN_REQUIRED=40000  -fno-common -DPIC -DPIC conftest.c >&5
configure:7722: $? = 0
configure:7735: result: yes
configure:7759: checking if /Developer/Platforms/iPhoneSimulator.platform/Developer/usr/bin/gcc-4.2 static flag -static works
configure:7787: result: no
configure:7802: checking if /Developer/Platforms/iPhoneSimulator.platform/Developer/usr/bin/gcc-4.2 supports -c -o file.o
configure:7823: /Developer/Platforms/iPhoneSimulator.platform/Developer/usr/bin/gcc-4.2 -c -arch i386 -pipe -Os -gdwarf-2 -isysroot /Developer/Platforms/iPhoneSimulator.platform/Developer/SDKs/iPhoneSimulator4.3.sdk -D__IPHONE_OS_VERSION_MIN_REQUIRED=40000  -o out/conftest2.o conftest.c >&5
configure:7827: $? = 0
configure:7849: result: yes
configure:7857: checking if /Developer/Platforms/iPhoneSimulator.platform/Developer/usr/bin/gcc-4.2 supports -c -o file.o
configure:7904: result: yes
configure:7937: checking whether the /Developer/Platforms/iPhoneSimulator.platform/Developer/usr/bin/gcc-4.2 linker (/Developer/usr/libexec/gcc/i686-apple-darwin11/4.2.1/ld) supports shared libraries
configure:9088: result: yes
configure:9333: checking dynamic linker characteristics
configure:10038: result: darwin dyld
configure:10145: checking how to hardcode library paths into programs
configure:10170: result: immediate
configure:10995: checking whether stripping libraries is possible
configure:11009: result: yes
configure:11035: checking if libtool supports shared libraries
configure:11037: result: yes
configure:11040: checking whether to build shared libraries
configure:11061: result: no
configure:11064: checking whether to build static libraries
configure:11068: result: yes
configure:11103: checking whether byte ordering is bigendian
configure:11136: /Developer/Platforms/iPhoneSimulator.platform/Developer/usr/bin/gcc-4.2 -c -arch i386 -pipe -Os -gdwarf-2 -isysroot /Developer/Platforms/iPhoneSimulator.platform/Developer/SDKs/iPhoneSimulator4.3.sdk -D__IPHONE_OS_VERSION_MIN_REQUIRED=40000  conftest.c >&5
configure:11142: $? = 0
configure:11174: /Developer/Platforms/iPhoneSimulator.platform/Developer/usr/bin/gcc-4.2 -c -arch i386 -pipe -Os -gdwarf-2 -isysroot /Developer/Platforms/iPhoneSimulator.platform/Developer/SDKs/iPhoneSimulator4.3.sdk -D__IPHONE_OS_VERSION_MIN_REQUIRED=40000  conftest.c >&5
conftest.c: In function 'main':
conftest.c:27: error: 'not' undeclared (first use in this function)
conftest.c:27: error: (Each undeclared identifier is reported only once
conftest.c:27: error: for each function it appears in.)
conftest.c:27: error: expected ';' before 'big'
configure:11180: $? = 1
configure: failed program was:
| /* confdefs.h.  */
| #define PACKAGE_NAME "pocketsphinx"
| #define PACKAGE_TARNAME "pocketsphinx"
| #define PACKAGE_VERSION "0.7"
| #define PACKAGE_STRING "pocketsphinx 0.7"
| #define PACKAGE_BUGREPORT ""
| #define STDC_HEADERS 1
| #define HAVE_SYS_TYPES_H 1
| #define HAVE_SYS_STAT_H 1
| #define HAVE_STDLIB_H 1
| #define HAVE_STRING_H 1
| #define HAVE_MEMORY_H 1
| #define HAVE_STRINGS_H 1
| #define HAVE_INTTYPES_H 1
| #define HAVE_STDINT_H 1
| #define HAVE_UNISTD_H 1
| #define HAVE_DLFCN_H 1
| #define LT_OBJDIR ".libs/"
| /* end confdefs.h.  */
| #include <sys/types.h>
| #include <sys/param.h>
| 
| int
| main ()
| {
| #if BYTE_ORDER != BIG_ENDIAN
|  not big endian
| #endif
| 
|   ;
|   return 0;
| }
configure:11320: result: no
configure:11339: checking for long long
configure:11369: /Developer/Platforms/iPhoneSimulator.platform/Developer/usr/bin/gcc-4.2 -c -arch i386 -pipe -Os -gdwarf-2 -isysroot /Developer/Platforms/iPhoneSimulator.platform/Developer/SDKs/iPhoneSimulator4.3.sdk -D__IPHONE_OS_VERSION_MIN_REQUIRED=40000  conftest.c >&5
configure:11375: $? = 0
configure:11390: result: yes
configure:11401: checking for long long
configure:11452: result: yes
configure:11459: checking size of long long
configure:11761: /Developer/Platforms/iPhoneSimulator.platform/Developer/usr/bin/gcc-4.2 -o conftest -arch i386 -pipe -Os -gdwarf-2 -isysroot /Developer/Platforms/iPhoneSimulator.platform/Developer/SDKs/iPhoneSimulator4.3.sdk -D__IPHONE_OS_VERSION_MIN_REQUIRED=40000  -arch i386 -isysroot /Developer/Platforms/iPhoneSimulator.platform/Developer/SDKs/iPhoneSimulator4.3.sdk conftest.c  -framework CoreAudio -framework AudioToolbox >&5
configure:11764: $? = 0
configure:11770: ./conftest
configure:11773: $? = 0
configure:11796: result: 8
configure:11810: checking for dup2
configure:11866: /Developer/Platforms/iPhoneSimulator.platform/Developer/usr/bin/gcc-4.2 -o conftest -arch i386 -pipe -Os -gdwarf-2 -isysroot /Developer/Platforms/iPhoneSimulator.platform/Developer/SDKs/iPhoneSimulator4.3.sdk -D__IPHONE_OS_VERSION_MIN_REQUIRED=40000  -arch i386 -isysroot /Developer/Platforms/iPhoneSimulator.platform/Developer/SDKs/iPhoneSimulator4.3.sdk conftest.c  -framework CoreAudio -framework AudioToolbox >&5
configure:11872: $? = 0
configure:11890: result: yes
configure:11903: checking for pkg-config
configure:11931: result: no
configure:11942: checking for doxygen
configure:11970: result: no
configure:12012: checking for python
configure:12030: found /Library/Frameworks/Python.framework/Versions/2.7/bin/python
configure:12043: result: /Library/Frameworks/Python.framework/Versions/2.7/bin/python
configure:12053: checking for python-config
configure:12071: found /Library/Frameworks/Python.framework/Versions/2.7/bin/python-config
configure:12084: result: /Library/Frameworks/Python.framework/Versions/2.7/bin/python-config
configure:12106: checking Python.h usability
configure:12123: /Developer/Platforms/iPhoneSimulator.platform/Developer/usr/bin/gcc-4.2 -c -arch i386 -pipe -Os -gdwarf-2 -isysroot /Developer/Platforms/iPhoneSimulator.platform/Developer/SDKs/iPhoneSimulator4.3.sdk -D__IPHONE_OS_VERSION_MIN_REQUIRED=40000  -I/Library/Frameworks/Python.framework/Versions/2.7/include/python2.7 -I/Library/Frameworks/Python.framework/Versions/2.7/include/python2.7 conftest.c >&5
configure:12129: $? = 0
configure:12143: result: yes
configure:12147: checking Python.h presence
configure:12162: /Developer/usr/bin/cpp-4.2  -I/Library/Frameworks/Python.framework/Versions/2.7/include/python2.7 -I/Library/Frameworks/Python.framework/Versions/2.7/include/python2.7 conftest.c
configure:12168: $? = 0
configure:12182: result: yes
configure:12210: checking for Python.h
configure:12217: result: yes
configure:12249: checking for cython
configure:12277: result: no
configure:12302: checking for i386-apple-darwin-pkg-config
configure:12335: result: no
configure:12345: checking for pkg-config
configure:12378: result: no
configure:12418: checking for GStreamer
configure:12558: checking for sphinxbase in /Users/LQX/Desktop/iPhoneCMU-Final/cmusphinx/pocketsphinx-0.7/../sphinxbase
configure:12562: result: yes
configure:12824: checking for /Users/LQX/Desktop/iPhoneCMU-Final/cmusphinx/pocketsphinx-0.7/../sphinxbase/include/sphinxbase/prim_type.h
configure:12840: result: yes
configure:12858: checking for /Users/LQX/Desktop/iPhoneCMU-Final/cmusphinx/pocketsphinx-0.7/../sphinxbase/src/libsphinxbase/libsphinxbase.la
configure:12874: result: yes
configure:13071: creating ./config.status

## ---------------------- ##
## Running config.status. ##
## ---------------------- ##

This file was extended by pocketsphinx config.status 0.7, which was
generated by GNU Autoconf 2.61.  Invocation command line was

  CONFIG_FILES    = 
  CONFIG_HEADERS  = 
  CONFIG_LINKS    = 
  CONFIG_COMMANDS = 
  $ ./config.status 

on uws14965usr.uws.ualberta.ca

config.status:875: creating pocketsphinx.pc
config.status:875: creating Makefile
config.status:875: creating include/Makefile
config.status:875: creating python/Makefile
config.status:875: creating python/setup.py
config.status:875: creating src/Makefile
config.status:875: creating src/libpocketsphinx/Makefile
config.status:875: creating src/programs/Makefile
config.status:875: creating src/gst-plugin/Makefile
config.status:875: creating doc/Makefile
config.status:875: creating doc/doxyfile
config.status:875: creating model/Makefile
config.status:875: creating model/hmm/Makefile
config.status:875: creating model/lm/Makefile
config.status:875: creating scripts/Makefile
config.status:875: creating test/Makefile
config.status:875: creating test/testfuncs.sh
config.status:875: creating test/unit/Makefile
config.status:875: creating test/regression/Makefile
config.status:1066: executing depfiles commands
config.status:1066: executing libtool commands

## ---------------- ##
## Cache variables. ##
## ---------------- ##

ac_cv_build=x86_64-apple-darwin11.3.0
ac_cv_c_bigendian=no
ac_cv_c_compiler_gnu=yes
ac_cv_env_CC_set=set
ac_cv_env_CC_value=/Developer/Platforms/iPhoneSimulator.platform/Developer/usr/bin/gcc-4.2
ac_cv_env_CFLAGS_set=set
ac_cv_env_CFLAGS_value='-arch i386 -pipe -Os -gdwarf-2 -isysroot /Developer/Platforms/iPhoneSimulator.platform/Developer/SDKs/iPhoneSimulator4.3.sdk -D__IPHONE_OS_VERSION_MIN_REQUIRED=40000'
ac_cv_env_CPPFLAGS_set=
ac_cv_env_CPPFLAGS_value=
ac_cv_env_CPP_set=set
ac_cv_env_CPP_value=/Developer/usr/bin/cpp-4.2
ac_cv_env_GStreamer_CFLAGS_set=
ac_cv_env_GStreamer_CFLAGS_value=
ac_cv_env_GStreamer_LIBS_set=
ac_cv_env_GStreamer_LIBS_value=
ac_cv_env_LDFLAGS_set=set
ac_cv_env_LDFLAGS_value='-arch i386 -isysroot /Developer/Platforms/iPhoneSimulator.platform/Developer/SDKs/iPhoneSimulator4.3.sdk'
ac_cv_env_LIBS_set=
ac_cv_env_LIBS_value=
ac_cv_env_PKG_CONFIG_set=
ac_cv_env_PKG_CONFIG_value=
ac_cv_env_SphinxBase_CFLAGS_set=
ac_cv_env_SphinxBase_CFLAGS_value=
ac_cv_env_SphinxBase_LIBS_set=
ac_cv_env_SphinxBase_LIBS_value=
ac_cv_env_build_alias_set=
ac_cv_env_build_alias_value=
ac_cv_env_host_alias_set=set
ac_cv_env_host_alias_value=i386-apple-darwin
ac_cv_env_target_alias_set=
ac_cv_env_target_alias_value=
ac_cv_file__Users_LQX_Desktop_iPhoneCMU_Final_cmusphinx_pocketsphinx_0_7____sphinxbase_include_sphinxbase_prim_type_h=yes
ac_cv_file__Users_LQX_Desktop_iPhoneCMU_Final_cmusphinx_pocketsphinx_0_7____sphinxbase_src_libsphinxbase_libsphinxbase_la=yes
ac_cv_func_dup2=yes
ac_cv_header_Python_h=yes
ac_cv_header_dlfcn_h=yes
ac_cv_header_inttypes_h=yes
ac_cv_header_memory_h=yes
ac_cv_header_stdc=yes
ac_cv_header_stdint_h=yes
ac_cv_header_stdlib_h=yes
ac_cv_header_string_h=yes
ac_cv_header_strings_h=yes
ac_cv_header_sys_stat_h=yes
ac_cv_header_sys_types_h=yes
ac_cv_header_unistd_h=yes
ac_cv_host=i386-apple-darwin
ac_cv_objext=o
ac_cv_path_EGREP='/usr/bin/grep -E'
ac_cv_path_FGREP='/usr/bin/grep -F'
ac_cv_path_GREP=/usr/bin/grep
ac_cv_path_PYTHON=/Library/Frameworks/Python.framework/Versions/2.7/bin/python
ac_cv_path_PYTHON_CONFIG=/Library/Frameworks/Python.framework/Versions/2.7/bin/python-config
ac_cv_path_SED=/usr/bin/sed
ac_cv_path_install='/usr/bin/install -c'
ac_cv_prog_AWK=awk
ac_cv_prog_CC=/Developer/Platforms/iPhoneSimulator.platform/Developer/usr/bin/gcc-4.2
ac_cv_prog_CPP=/Developer/usr/bin/cpp-4.2
ac_cv_prog_HAVE_CYTHON=no
ac_cv_prog_HAVE_DOXYGEN=no
ac_cv_prog_HAVE_PKGCONFIG=no
ac_cv_prog_STRIP=strip
ac_cv_prog_ac_ct_AR=ar
ac_cv_prog_ac_ct_DSYMUTIL=dsymutil
ac_cv_prog_ac_ct_DUMPBIN='link -dump'
ac_cv_prog_ac_ct_LIPO=lipo
ac_cv_prog_ac_ct_NMEDIT=nmedit
ac_cv_prog_ac_ct_OTOOL=otool
ac_cv_prog_ac_ct_RANLIB=ranlib
ac_cv_prog_ac_ct_STRIP=strip
ac_cv_prog_cc_c89=
ac_cv_prog_cc_g=yes
ac_cv_prog_make_make_set=yes
ac_cv_sizeof_long_long=8
ac_cv_type_long_long=yes
am_cv_CC_dependencies_compiler_type=gcc3
lt_cv_apple_cc_single_mod=yes
lt_cv_deplibs_check_method=pass_all
lt_cv_file_magic_cmd='$MAGIC_CMD'
lt_cv_file_magic_test_file=
lt_cv_ld_exported_symbols_list=yes
lt_cv_ld_force_load=yes
lt_cv_ld_reload_flag=-r
lt_cv_nm_interface='BSD nm'
lt_cv_objdir=.libs
lt_cv_path_LD=/Developer/usr/libexec/gcc/i686-apple-darwin11/4.2.1/ld
lt_cv_path_NM=no
lt_cv_prog_compiler_c_o=yes
lt_cv_prog_compiler_pic_works=yes
lt_cv_prog_compiler_rtti_exceptions=no
lt_cv_prog_compiler_static_works=no
lt_cv_prog_gnu_ld=no
lt_cv_sys_global_symbol_pipe='sed -n -e '\''s/^.*[	 ]\([BCDEGRST][BCDEGRST]*\)[	 ][	 ]*_\([_A-Za-z][_A-Za-z0-9]*\)$/\1 _\2 \2/p'\'''
lt_cv_sys_global_symbol_to_c_name_address='sed -n -e '\''s/^: \([^ ]*\) $/  {\"\1\", (void *) 0},/p'\'' -e '\''s/^[BCDEGRST]* \([^ ]*\) \([^ ]*\)$/  {"\2", (void *) \&\2},/p'\'''
lt_cv_sys_global_symbol_to_c_name_address_lib_prefix='sed -n -e '\''s/^: \([^ ]*\) $/  {\"\1\", (void *) 0},/p'\'' -e '\''s/^[BCDEGRST]* \([^ ]*\) \(lib[^ ]*\)$/  {"\2", (void *) \&\2},/p'\'' -e '\''s/^[BCDEGRST]* \([^ ]*\) \([^ ]*\)$/  {"lib\2", (void *) \&\2},/p'\'''
lt_cv_sys_global_symbol_to_cdecl='sed -n -e '\''s/^T .* \(.*\)$/extern int \1();/p'\'' -e '\''s/^[BCDEGRST]* .* \(.*\)$/extern char \1;/p'\'''
lt_cv_sys_max_cmd_len=196608

## ----------------- ##
## Output variables. ##
## ----------------- ##

ACLOCAL='${SHELL} /Users/LQX/Desktop/iPhoneCMU-Final/cmusphinx/pocketsphinx-0.7/missing --run aclocal-1.10'
ACLOCAL_AMFLAGS='-I m4'
AMDEPBACKSLASH='\'
AMDEP_FALSE='#'
AMDEP_TRUE=''
AMTAR='${SHELL} /Users/LQX/Desktop/iPhoneCMU-Final/cmusphinx/pocketsphinx-0.7/missing --run tar'
AR='ar'
AUTOCONF='${SHELL} /Users/LQX/Desktop/iPhoneCMU-Final/cmusphinx/pocketsphinx-0.7/missing --run autoconf'
AUTOHEADER='${SHELL} /Users/LQX/Desktop/iPhoneCMU-Final/cmusphinx/pocketsphinx-0.7/missing --run autoheader'
AUTOMAKE='${SHELL} /Users/LQX/Desktop/iPhoneCMU-Final/cmusphinx/pocketsphinx-0.7/missing --run automake-1.10'
AWK='awk'
BUILD_CYTHON_FALSE=''
BUILD_CYTHON_TRUE='#'
BUILD_DOXYGEN_FALSE=''
BUILD_DOXYGEN_TRUE='#'
BUILD_GST_FALSE=''
BUILD_GST_TRUE='#'
BUILD_PYTHON_FALSE='#'
BUILD_PYTHON_TRUE=''
CC='/Developer/Platforms/iPhoneSimulator.platform/Developer/usr/bin/gcc-4.2'
CCDEPMODE='depmode=gcc3'
CFLAGS='-arch i386 -pipe -Os -gdwarf-2 -isysroot /Developer/Platforms/iPhoneSimulator.platform/Developer/SDKs/iPhoneSimulator4.3.sdk -D__IPHONE_OS_VERSION_MIN_REQUIRED=40000'
CPP='/Developer/usr/bin/cpp-4.2'
CPPFLAGS='-I/Users/LQX/Desktop/iPhoneCMU-Final/cmusphinx/pocketsphinx-0.7/../sphinxbase/include -I/Users/LQX/Desktop/iPhoneCMU-Final/cmusphinx/pocketsphinx-0.7/../sphinxbase/include  -I/Library/Frameworks/Python.framework/Versions/2.7/include/python2.7 -I/Library/Frameworks/Python.framework/Versions/2.7/include/python2.7'
CYGPATH_W='echo'
DEFS='-DPACKAGE_NAME=\"pocketsphinx\" -DPACKAGE_TARNAME=\"pocketsphinx\" -DPACKAGE_VERSION=\"0.7\" -DPACKAGE_STRING=\"pocketsphinx\ 0.7\" -DPACKAGE_BUGREPORT=\"\" -DSTDC_HEADERS=1 -DHAVE_SYS_TYPES_H=1 -DHAVE_SYS_STAT_H=1 -DHAVE_STDLIB_H=1 -DHAVE_STRING_H=1 -DHAVE_MEMORY_H=1 -DHAVE_STRINGS_H=1 -DHAVE_INTTYPES_H=1 -DHAVE_STDINT_H=1 -DHAVE_UNISTD_H=1 -DHAVE_DLFCN_H=1 -DLT_OBJDIR=\".libs/\" -DHAVE_LONG_LONG=1 -DSIZEOF_LONG_LONG=8 -DHAVE_DUP2=1'
DEPDIR='.deps'
DSYMUTIL='dsymutil'
DUMPBIN=':'
ECHO_C='ECHO_N=''
ECHO_T=''
EGREP='/usr/bin/grep -E'
EXEEXT=''
FGREP='/usr/bin/grep -F'
GREP='/usr/bin/grep'
GST_CFLAGS=' '
GST_LIBS=''
GST_MAJORMINOR='0.10'
GST_PLUGIN_LDFLAGS='-module -avoid-version -export-symbols-regex _*\(gst_\|Gst\|GST_\).*'
GStreamer_CFLAGS=''
GStreamer_LIBS=''
HAVE_CYTHON='no'
HAVE_DOXYGEN='no'
HAVE_PKGCONFIG='no'
INSTALL_DATA='${INSTALL} -m 644'
INSTALL_PROGRAM='${INSTALL}'
INSTALL_SCRIPT='${INSTALL}'
INSTALL_STRIP_PROGRAM='$(install_sh) -c -s'
LD='/Developer/usr/libexec/gcc/i686-apple-darwin11/4.2.1/ld'
LDFLAGS='-arch i386 -isysroot /Developer/Platforms/iPhoneSimulator.platform/Developer/SDKs/iPhoneSimulator4.3.sdk -L/Users/LQX/Desktop/iPhoneCMU-Final/cmusphinx/pocketsphinx-0.7/../sphinxbase/src/libsphinxad 		  -L/Users/LQX/Desktop/iPhoneCMU-Final/cmusphinx/pocketsphinx-0.7/../sphinxbase/src/libsphinxbase 		  -L/Users/LQX/Desktop/iPhoneCMU-Final/cmusphinx/pocketsphinx-0.7/../sphinxbase/src/libsphinxbase/.libs'
LIBOBJS=''
LIBS=' -framework CoreAudio -framework AudioToolbox -lsphinxbase'
LIBTOOL='$(SHELL) $(top_builddir)/libtool'
LIPO='lipo'
LN_S='ln -s'
LTLIBOBJS=''
MAKEINFO='${SHELL} /Users/LQX/Desktop/iPhoneCMU-Final/cmusphinx/pocketsphinx-0.7/missing --run makeinfo'
NM='nm'
NMEDIT='nmedit'
OBJDUMP='false'
OBJEXT='o'
OTOOL64=':'
OTOOL='otool'
PACKAGE='pocketsphinx'
PACKAGE_BUGREPORT=''
PACKAGE_NAME='pocketsphinx'
PACKAGE_STRING='pocketsphinx 0.7'
PACKAGE_TARNAME='pocketsphinx'
PACKAGE_VERSION='0.7'
PATH_SEPARATOR=':'
PKG_CONFIG=''
PYTHON='/Library/Frameworks/Python.framework/Versions/2.7/bin/python'
PYTHON_CONFIG='/Library/Frameworks/Python.framework/Versions/2.7/bin/python-config'
RANLIB='ranlib'
SED='/usr/bin/sed'
SET_MAKE=''
SHELL='/bin/sh'
STRIP='strip'
SphinxBase_CFLAGS=''
SphinxBase_LIBS=''
VERSION='0.7'
ac_ct_CC=''
ac_ct_DUMPBIN='link -dump'
am__fastdepCC_FALSE='#'
am__fastdepCC_TRUE=''
am__include='include'
am__isrc=''
am__leading_dot='.'
am__quote=''
am__tar='${AMTAR} chof - "$$tardir"'
am__untar='${AMTAR} xf -'
bindir='${exec_prefix}/bin'
build='x86_64-apple-darwin11.3.0'
build_alias=''
build_cpu='x86_64'
build_os='darwin11.3.0'
build_vendor='apple'
datadir='${datarootdir}'
datarootdir='${prefix}/share'
docdir='${datarootdir}/doc/${PACKAGE_TARNAME}'
dvidir='${docdir}'
exec_prefix='${prefix}'
host='i386-apple-darwin'
host_alias='i386-apple-darwin'
host_cpu='i386'
host_os='darwin'
host_vendor='apple'
htmldir='${docdir}'
includedir='${prefix}/include'
infodir='${datarootdir}/info'
install_sh='$(SHELL) /Users/LQX/Desktop/iPhoneCMU-Final/cmusphinx/pocketsphinx-0.7/install-sh'
libdir='${exec_prefix}/lib'
libexecdir='${exec_prefix}/libexec'
localedir='${datarootdir}/locale'
localstatedir='${prefix}/var'
mandir='${datarootdir}/man'
mkdir_p='$(top_builddir)/./install-sh -c -d'
oldincludedir='/usr/include'
pdfdir='${docdir}'
plugindir='$(libdir)/gstreamer-0.10'
prefix='/Users/LQX/Developer/Platforms/iPhoneSimulator.platform/Developer/SDKs/iPhoneSimulator4.3.sdk'
program_transform_name='s,x,x,'
psdir='${docdir}'
sbindir='${exec_prefix}/sbin'
sharedstatedir='${prefix}/com'
sphinxbase='/Users/LQX/Desktop/iPhoneCMU-Final/cmusphinx/pocketsphinx-0.7/../sphinxbase'
sphinxbasebuild='/Users/LQX/Desktop/iPhoneCMU-Final/cmusphinx/pocketsphinx-0.7/../sphinxbase'
sysconfdir='${prefix}/etc'
target_alias=''

## ----------- ##
## confdefs.h. ##
## ----------- ##

#define PACKAGE_NAME "pocketsphinx"
#define PACKAGE_TARNAME "pocketsphinx"
#define PACKAGE_VERSION "0.7"
#define PACKAGE_STRING "pocketsphinx 0.7"
#define PACKAGE_BUGREPORT ""
#define STDC_HEADERS 1
#define HAVE_SYS_TYPES_H 1
#define HAVE_SYS_STAT_H 1
#define HAVE_STDLIB_H 1
#define HAVE_STRING_H 1
#define HAVE_MEMORY_H 1
#define HAVE_STRINGS_H 1
#define HAVE_INTTYPES_H 1
#define HAVE_STDINT_H 1
#define HAVE_UNISTD_H 1
#define HAVE_DLFCN_H 1
#define LT_OBJDIR ".libs/"
#define HAVE_LONG_LONG 1
#define SIZEOF_LONG_LONG 8
#define HAVE_DUP2 1

configure: exit 0
